Analysis & Synthesis report for warmup
Wed Oct 01 18:38:42 2014
Quartus II Version 9.0 Build 132 02/25/2009 SJ Web Edition


---------------------
; Table of Contents ;
---------------------
  1. Legal Notice
  2. Analysis & Synthesis Summary
  3. Analysis & Synthesis Settings
  4. Analysis & Synthesis Source Files Read
  5. Analysis & Synthesis Resource Usage Summary
  6. Analysis & Synthesis Resource Utilization by Entity
  7. Analysis & Synthesis DSP Block Usage Summary
  8. State Machine - |hu3|uart:inst|rx_fsm
  9. State Machine - |hu3|uart:inst|tx_fsm
 10. User-Specified and Inferred Latches
 11. Registers Removed During Synthesis
 12. Removed Registers Triggering Further Register Optimizations
 13. General Register Statistics
 14. Inverted Register Statistics
 15. Multiplexer Restructuring Statistics (Restructuring Performed)
 16. Parameter Settings for User Entity Instance: uart:inst
 17. Parameter Settings for Inferred Entity Instance: ula_k:inst4|lpm_mult:Mult0
 18. Parameter Settings for Inferred Entity Instance: ula_k:inst4|lpm_divide:Div0
 19. lpm_mult Parameter Settings by Entity Instance
 20. Analysis & Synthesis Messages



----------------
; Legal Notice ;
----------------
Copyright (C) 1991-2009 Altera Corporation
Your use of Altera Corporation's design tools, logic functions 
and other software and tools, and its AMPP partner logic 
functions, and any output files from any of the foregoing 
(including device programming or simulation files), and any 
associated documentation or information are expressly subject 
to the terms and conditions of the Altera Program License 
Subscription Agreement, Altera MegaCore Function License 
Agreement, or other applicable license agreement, including, 
without limitation, that your use is for the sole purpose of 
programming logic devices manufactured by Altera and sold by 
Altera or its authorized distributors.  Please refer to the 
applicable agreement for further details.



+------------------------------------------------------------------------------+
; Analysis & Synthesis Summary                                                 ;
+------------------------------------+-----------------------------------------+
; Analysis & Synthesis Status        ; Successful - Wed Oct 01 18:38:42 2014   ;
; Quartus II Version                 ; 9.0 Build 132 02/25/2009 SJ Web Edition ;
; Revision Name                      ; warmup                                  ;
; Top-level Entity Name              ; hu3                                     ;
; Family                             ; Cyclone III                             ;
; Total logic elements               ; 245                                     ;
;     Total combinational functions  ; 209                                     ;
;     Dedicated logic registers      ; 84                                      ;
; Total registers                    ; 84                                      ;
; Total pins                         ; 12                                      ;
; Total virtual pins                 ; 0                                       ;
; Total memory bits                  ; 0                                       ;
; Embedded Multiplier 9-bit elements ; 1                                       ;
; Total PLLs                         ; 0                                       ;
+------------------------------------+-----------------------------------------+


+----------------------------------------------------------------------------------------------------------+
; Analysis & Synthesis Settings                                                                            ;
+----------------------------------------------------------------+--------------------+--------------------+
; Option                                                         ; Setting            ; Default Value      ;
+----------------------------------------------------------------+--------------------+--------------------+
; Device                                                         ; EP3C25F324I7       ;                    ;
; Top-level entity name                                          ; hu3                ; warmup             ;
; Family name                                                    ; Cyclone III        ; Stratix II         ;
; Use smart compilation                                          ; Off                ; Off                ;
; Restructure Multiplexers                                       ; Auto               ; Auto               ;
; Create Debugging Nodes for IP Cores                            ; Off                ; Off                ;
; Preserve fewer node names                                      ; On                 ; On                 ;
; Disable OpenCore Plus hardware evaluation                      ; Off                ; Off                ;
; Verilog Version                                                ; Verilog_2001       ; Verilog_2001       ;
; VHDL Version                                                   ; VHDL93             ; VHDL93             ;
; State Machine Processing                                       ; Auto               ; Auto               ;
; Safe State Machine                                             ; Off                ; Off                ;
; Extract Verilog State Machines                                 ; On                 ; On                 ;
; Extract VHDL State Machines                                    ; On                 ; On                 ;
; Ignore Verilog initial constructs                              ; Off                ; Off                ;
; Iteration limit for constant Verilog loops                     ; 5000               ; 5000               ;
; Iteration limit for non-constant Verilog loops                 ; 250                ; 250                ;
; Add Pass-Through Logic to Inferred RAMs                        ; On                 ; On                 ;
; Parallel Synthesis                                             ; Off                ; Off                ;
; DSP Block Balancing                                            ; Auto               ; Auto               ;
; NOT Gate Push-Back                                             ; On                 ; On                 ;
; Power-Up Don't Care                                            ; On                 ; On                 ;
; Remove Redundant Logic Cells                                   ; Off                ; Off                ;
; Remove Duplicate Registers                                     ; On                 ; On                 ;
; Ignore CARRY Buffers                                           ; Off                ; Off                ;
; Ignore CASCADE Buffers                                         ; Off                ; Off                ;
; Ignore GLOBAL Buffers                                          ; Off                ; Off                ;
; Ignore ROW GLOBAL Buffers                                      ; Off                ; Off                ;
; Ignore LCELL Buffers                                           ; Off                ; Off                ;
; Ignore SOFT Buffers                                            ; On                 ; On                 ;
; Limit AHDL Integers to 32 Bits                                 ; Off                ; Off                ;
; Optimization Technique                                         ; Balanced           ; Balanced           ;
; Carry Chain Length                                             ; 70                 ; 70                 ;
; Auto Carry Chains                                              ; On                 ; On                 ;
; Auto Open-Drain Pins                                           ; On                 ; On                 ;
; Perform WYSIWYG Primitive Resynthesis                          ; Off                ; Off                ;
; Auto ROM Replacement                                           ; On                 ; On                 ;
; Auto RAM Replacement                                           ; On                 ; On                 ;
; Auto DSP Block Replacement                                     ; On                 ; On                 ;
; Auto Shift Register Replacement                                ; Auto               ; Auto               ;
; Auto Clock Enable Replacement                                  ; On                 ; On                 ;
; Strict RAM Replacement                                         ; Off                ; Off                ;
; Allow Synchronous Control Signals                              ; On                 ; On                 ;
; Force Use of Synchronous Clear Signals                         ; Off                ; Off                ;
; Auto RAM Block Balancing                                       ; On                 ; On                 ;
; Auto RAM to Logic Cell Conversion                              ; Off                ; Off                ;
; Auto Resource Sharing                                          ; Off                ; Off                ;
; Allow Any RAM Size For Recognition                             ; Off                ; Off                ;
; Allow Any ROM Size For Recognition                             ; Off                ; Off                ;
; Allow Any Shift Register Size For Recognition                  ; Off                ; Off                ;
; Use LogicLock Constraints during Resource Balancing            ; On                 ; On                 ;
; Ignore translate_off and synthesis_off directives              ; Off                ; Off                ;
; Timing-Driven Synthesis                                        ; Off                ; Off                ;
; Show Parameter Settings Tables in Synthesis Report             ; On                 ; On                 ;
; Ignore Maximum Fan-Out Assignments                             ; Off                ; Off                ;
; Synchronization Register Chain Length                          ; 2                  ; 2                  ;
; PowerPlay Power Optimization                                   ; Normal compilation ; Normal compilation ;
; HDL message level                                              ; Level2             ; Level2             ;
; Suppress Register Optimization Related Messages                ; Off                ; Off                ;
; Number of Removed Registers Reported in Synthesis Report       ; 100                ; 100                ;
; Number of Inverted Registers Reported in Synthesis Report      ; 100                ; 100                ;
; Clock MUX Protection                                           ; On                 ; On                 ;
; Auto Gated Clock Conversion                                    ; Off                ; Off                ;
; Block Design Naming                                            ; Auto               ; Auto               ;
; SDC constraint protection                                      ; Off                ; Off                ;
; Synthesis Effort                                               ; Auto               ; Auto               ;
; Allows Asynchronous Clear Usage For Shift Register Replacement ; On                 ; On                 ;
; Analysis & Synthesis Message Level                             ; Medium             ; Medium             ;
+----------------------------------------------------------------+--------------------+--------------------+


+------------------------------------------------------------------------------------------------------------------------------------------------------------------------------------+
; Analysis & Synthesis Source Files Read                                                                                                                                             ;
+----------------------------------+-----------------+------------------------------------+------------------------------------------------------------------------------------------+
; File Name with User-Entered Path ; Used in Netlist ; File Type                          ; File Name with Absolute Path                                                             ;
+----------------------------------+-----------------+------------------------------------+------------------------------------------------------------------------------------------+
; ula_k.v                          ; yes             ; User Verilog HDL File              ; C:/Documents and Settings/Aluno/Desktop/t02-warmup-master/rtl/ula_k.v                    ;
; uart.vhd                         ; yes             ; User VHDL File                     ; C:/Documents and Settings/Aluno/Desktop/t02-warmup-master/rtl/uart.vhd                   ;
; hu3.bdf                          ; yes             ; User Block Diagram/Schematic File  ; C:/Documents and Settings/Aluno/Desktop/t02-warmup-master/rtl/hu3.bdf                    ;
; Interface_Control.v              ; yes             ; Auto-Found Verilog HDL File        ; C:/Documents and Settings/Aluno/Desktop/t02-warmup-master/rtl/Interface_Control.v        ;
; lpm_mult.tdf                     ; yes             ; Megafunction                       ; c:/altera/90/quartus/libraries/megafunctions/lpm_mult.tdf                                ;
; aglobal90.inc                    ; yes             ; Megafunction                       ; c:/altera/90/quartus/libraries/megafunctions/aglobal90.inc                               ;
; lpm_add_sub.inc                  ; yes             ; Megafunction                       ; c:/altera/90/quartus/libraries/megafunctions/lpm_add_sub.inc                             ;
; multcore.inc                     ; yes             ; Megafunction                       ; c:/altera/90/quartus/libraries/megafunctions/multcore.inc                                ;
; bypassff.inc                     ; yes             ; Megafunction                       ; c:/altera/90/quartus/libraries/megafunctions/bypassff.inc                                ;
; altshift.inc                     ; yes             ; Megafunction                       ; c:/altera/90/quartus/libraries/megafunctions/altshift.inc                                ;
; db/mult_lv01.tdf                 ; yes             ; Auto-Generated Megafunction        ; C:/Documents and Settings/Aluno/Desktop/t02-warmup-master/rtl/db/mult_lv01.tdf           ;
; lpm_divide.tdf                   ; yes             ; Megafunction                       ; c:/altera/90/quartus/libraries/megafunctions/lpm_divide.tdf                              ;
; abs_divider.inc                  ; yes             ; Megafunction                       ; c:/altera/90/quartus/libraries/megafunctions/abs_divider.inc                             ;
; sign_div_unsign.inc              ; yes             ; Megafunction                       ; c:/altera/90/quartus/libraries/megafunctions/sign_div_unsign.inc                         ;
; db/lpm_divide_egm.tdf            ; yes             ; Auto-Generated Megafunction        ; C:/Documents and Settings/Aluno/Desktop/t02-warmup-master/rtl/db/lpm_divide_egm.tdf      ;
; db/sign_div_unsign_fkh.tdf       ; yes             ; Auto-Generated Megafunction        ; C:/Documents and Settings/Aluno/Desktop/t02-warmup-master/rtl/db/sign_div_unsign_fkh.tdf ;
; db/alt_u_div_93f.tdf             ; yes             ; Auto-Generated Megafunction        ; C:/Documents and Settings/Aluno/Desktop/t02-warmup-master/rtl/db/alt_u_div_93f.tdf       ;
; db/add_sub_unc.tdf               ; yes             ; Auto-Generated Megafunction        ; C:/Documents and Settings/Aluno/Desktop/t02-warmup-master/rtl/db/add_sub_unc.tdf         ;
; db/add_sub_vnc.tdf               ; yes             ; Auto-Generated Megafunction        ; C:/Documents and Settings/Aluno/Desktop/t02-warmup-master/rtl/db/add_sub_vnc.tdf         ;
+----------------------------------+-----------------+------------------------------------+------------------------------------------------------------------------------------------+


+-----------------------------------------------------------+
; Analysis & Synthesis Resource Usage Summary               ;
+---------------------------------------------+-------------+
; Resource                                    ; Usage       ;
+---------------------------------------------+-------------+
; Estimated Total logic elements              ; 245         ;
;                                             ;             ;
; Total combinational functions               ; 209         ;
; Logic element usage by number of LUT inputs ;             ;
;     -- 4 input functions                    ; 65          ;
;     -- 3 input functions                    ; 96          ;
;     -- <=2 input functions                  ; 48          ;
;                                             ;             ;
; Logic elements by mode                      ;             ;
;     -- normal mode                          ; 149         ;
;     -- arithmetic mode                      ; 60          ;
;                                             ;             ;
; Total registers                             ; 84          ;
;     -- Dedicated logic registers            ; 84          ;
;     -- I/O registers                        ; 0           ;
;                                             ;             ;
; I/O pins                                    ; 12          ;
; Embedded Multiplier 9-bit elements          ; 1           ;
; Maximum fan-out node                        ; clock~input ;
; Maximum fan-out                             ; 84          ;
; Total fan-out                               ; 901         ;
; Average fan-out                             ; 2.82        ;
+---------------------------------------------+-------------+


+-----------------------------------------------------------------------------------------------------------------------------------------------------------------------------------------------------------------------------------------------------------------------------------------+
; Analysis & Synthesis Resource Utilization by Entity                                                                                                                                                                                                                                     ;
+-------------------------------------------+-------------------+--------------+-------------+--------------+---------+-----------+------+--------------+------------------------------------------------------------------------------------------------------------------+--------------+
; Compilation Hierarchy Node                ; LC Combinationals ; LC Registers ; Memory Bits ; DSP Elements ; DSP 9x9 ; DSP 18x18 ; Pins ; Virtual Pins ; Full Hierarchy Name                                                                                              ; Library Name ;
+-------------------------------------------+-------------------+--------------+-------------+--------------+---------+-----------+------+--------------+------------------------------------------------------------------------------------------------------------------+--------------+
; |hu3                                      ; 209 (0)           ; 84 (0)       ; 0           ; 1            ; 1       ; 0         ; 12   ; 0            ; |hu3                                                                                                             ; work         ;
;    |Interface_Control:inst1|              ; 29 (29)           ; 42 (42)      ; 0           ; 0            ; 0       ; 0         ; 0    ; 0            ; |hu3|Interface_Control:inst1                                                                                     ; work         ;
;    |uart:inst|                            ; 30 (30)           ; 42 (42)      ; 0           ; 0            ; 0       ; 0         ; 0    ; 0            ; |hu3|uart:inst                                                                                                   ; work         ;
;    |ula_k:inst4|                          ; 150 (73)          ; 0 (0)        ; 0           ; 1            ; 1       ; 0         ; 0    ; 0            ; |hu3|ula_k:inst4                                                                                                 ; work         ;
;       |lpm_divide:Div0|                   ; 77 (0)            ; 0 (0)        ; 0           ; 0            ; 0       ; 0         ; 0    ; 0            ; |hu3|ula_k:inst4|lpm_divide:Div0                                                                                 ; work         ;
;          |lpm_divide_egm:auto_generated|  ; 77 (0)            ; 0 (0)        ; 0           ; 0            ; 0       ; 0         ; 0    ; 0            ; |hu3|ula_k:inst4|lpm_divide:Div0|lpm_divide_egm:auto_generated                                                   ; work         ;
;             |sign_div_unsign_fkh:divider| ; 77 (0)            ; 0 (0)        ; 0           ; 0            ; 0       ; 0         ; 0    ; 0            ; |hu3|ula_k:inst4|lpm_divide:Div0|lpm_divide_egm:auto_generated|sign_div_unsign_fkh:divider                       ; work         ;
;                |alt_u_div_93f:divider|    ; 77 (77)           ; 0 (0)        ; 0           ; 0            ; 0       ; 0         ; 0    ; 0            ; |hu3|ula_k:inst4|lpm_divide:Div0|lpm_divide_egm:auto_generated|sign_div_unsign_fkh:divider|alt_u_div_93f:divider ; work         ;
;       |lpm_mult:Mult0|                    ; 0 (0)             ; 0 (0)        ; 0           ; 1            ; 1       ; 0         ; 0    ; 0            ; |hu3|ula_k:inst4|lpm_mult:Mult0                                                                                  ; work         ;
;          |mult_lv01:auto_generated|       ; 0 (0)             ; 0 (0)        ; 0           ; 1            ; 1       ; 0         ; 0    ; 0            ; |hu3|ula_k:inst4|lpm_mult:Mult0|mult_lv01:auto_generated                                                         ; work         ;
+-------------------------------------------+-------------------+--------------+-------------+--------------+---------+-----------+------+--------------+------------------------------------------------------------------------------------------------------------------+--------------+
Note: For table entries with two numbers listed, the numbers in parentheses indicate the number of resources of the given type used by the specific entity alone. The numbers listed outside of parentheses indicate the total resources of the given type used by the specific entity and all of its sub-entities in the hierarchy.


+-----------------------------------------------------+
; Analysis & Synthesis DSP Block Usage Summary        ;
+---------------------------------------+-------------+
; Statistic                             ; Number Used ;
+---------------------------------------+-------------+
; Simple Multipliers (9-bit)            ; 1           ;
; Simple Multipliers (18-bit)           ; 0           ;
; Embedded Multiplier Blocks            ; --          ;
; Embedded Multiplier 9-bit elements    ; 1           ;
; Signed Embedded Multipliers           ; 0           ;
; Unsigned Embedded Multipliers         ; 1           ;
; Mixed Sign Embedded Multipliers       ; 0           ;
; Variable Sign Embedded Multipliers    ; 0           ;
; Dedicated Input Shift Register Chains ; 0           ;
+---------------------------------------+-------------+
Note: number of Embedded Multiplier Blocks used is only available after a successful fit.


Encoding Type:  One-Hot
+-----------------------------------------------------------------------------------------+
; State Machine - |hu3|uart:inst|rx_fsm                                                   ;
+---------------+--------------+--------------+---------------+-------------+-------------+
; Name          ; rx_fsm.stop2 ; rx_fsm.stop1 ; rx_fsm.parity ; rx_fsm.data ; rx_fsm.idle ;
+---------------+--------------+--------------+---------------+-------------+-------------+
; rx_fsm.idle   ; 0            ; 0            ; 0             ; 0           ; 0           ;
; rx_fsm.data   ; 0            ; 0            ; 0             ; 1           ; 1           ;
; rx_fsm.parity ; 0            ; 0            ; 1             ; 0           ; 1           ;
; rx_fsm.stop1  ; 0            ; 1            ; 0             ; 0           ; 1           ;
; rx_fsm.stop2  ; 1            ; 0            ; 0             ; 0           ; 1           ;
+---------------+--------------+--------------+---------------+-------------+-------------+


Encoding Type:  One-Hot
+-----------------------------------------------------------------------------------------+
; State Machine - |hu3|uart:inst|tx_fsm                                                   ;
+---------------+--------------+--------------+---------------+-------------+-------------+
; Name          ; tx_fsm.stop2 ; tx_fsm.stop1 ; tx_fsm.parity ; tx_fsm.data ; tx_fsm.idle ;
+---------------+--------------+--------------+---------------+-------------+-------------+
; tx_fsm.idle   ; 0            ; 0            ; 0             ; 0           ; 0           ;
; tx_fsm.data   ; 0            ; 0            ; 0             ; 1           ; 1           ;
; tx_fsm.parity ; 0            ; 0            ; 1             ; 0           ; 1           ;
; tx_fsm.stop1  ; 0            ; 1            ; 0             ; 0           ; 1           ;
; tx_fsm.stop2  ; 1            ; 0            ; 0             ; 0           ; 1           ;
+---------------+--------------+--------------+---------------+-------------+-------------+


+---------------------------------------------------------------------------------------------------+
; User-Specified and Inferred Latches                                                               ;
+----------------------------------------------------+---------------------+------------------------+
; Latch Name                                         ; Latch Enable Signal ; Free of Timing Hazards ;
+----------------------------------------------------+---------------------+------------------------+
; ula_k:inst4|result_alu[7]                          ; ula_k:inst4|WideOr0 ; yes                    ;
; ula_k:inst4|result_alu[6]                          ; ula_k:inst4|WideOr0 ; yes                    ;
; ula_k:inst4|result_alu[5]                          ; ula_k:inst4|WideOr0 ; yes                    ;
; ula_k:inst4|result_alu[4]                          ; ula_k:inst4|WideOr0 ; yes                    ;
; ula_k:inst4|result_alu[3]                          ; ula_k:inst4|WideOr0 ; yes                    ;
; ula_k:inst4|result_alu[2]                          ; ula_k:inst4|WideOr0 ; yes                    ;
; ula_k:inst4|result_alu[1]                          ; ula_k:inst4|WideOr0 ; yes                    ;
; ula_k:inst4|result_alu[0]                          ; ula_k:inst4|WideOr0 ; yes                    ;
; Number of user-specified and inferred latches = 8  ;                     ;                        ;
+----------------------------------------------------+---------------------+------------------------+
Note: All latches listed above may not be present at the end of synthesis due to various synthesis optimizations.


+---------------------------------------------------------------------------------+
; Registers Removed During Synthesis                                              ;
+----------------------------------------+----------------------------------------+
; Register name                          ; Reason for Removal                     ;
+----------------------------------------+----------------------------------------+
; uart:inst|rx_par_bit                   ; Stuck at GND due to stuck port data_in ;
; uart:inst|tx_clk_en                    ; Lost fanout                            ;
; uart:inst|tx_data_cnt[0..2]            ; Lost fanout                            ;
; uart:inst|\tx_clk_gen:counter[0..12]   ; Lost fanout                            ;
; uart:inst|tx_fsm.idle                  ; Lost fanout                            ;
; uart:inst|tx_fsm.data                  ; Lost fanout                            ;
; uart:inst|tx_fsm.parity                ; Lost fanout                            ;
; uart:inst|tx_fsm.stop1                 ; Lost fanout                            ;
; uart:inst|tx_fsm.stop2                 ; Lost fanout                            ;
; uart:inst|rx_fsm.parity                ; Stuck at GND due to stuck port data_in ;
; uart:inst|rx_fsm.stop1                 ; Stuck at GND due to stuck port data_in ;
; uart:inst|rx_fsm.stop2                 ; Stuck at GND due to stuck port data_in ;
; Total Number of Removed Registers = 26 ;                                        ;
+----------------------------------------+----------------------------------------+


+------------------------------------------------------------------------------------------------------------------+
; Removed Registers Triggering Further Register Optimizations                                                      ;
+---------------------+--------------------+-----------------------------------------------------------------------+
; Register name       ; Reason for Removal ; Registers Removed due to This Register                                ;
+---------------------+--------------------+-----------------------------------------------------------------------+
; uart:inst|tx_clk_en ; Lost Fanouts       ; uart:inst|\tx_clk_gen:counter[0], uart:inst|\tx_clk_gen:counter[1],   ;
;                     ;                    ; uart:inst|\tx_clk_gen:counter[2], uart:inst|\tx_clk_gen:counter[3],   ;
;                     ;                    ; uart:inst|\tx_clk_gen:counter[4], uart:inst|\tx_clk_gen:counter[5],   ;
;                     ;                    ; uart:inst|\tx_clk_gen:counter[6], uart:inst|\tx_clk_gen:counter[7],   ;
;                     ;                    ; uart:inst|\tx_clk_gen:counter[8], uart:inst|\tx_clk_gen:counter[9],   ;
;                     ;                    ; uart:inst|\tx_clk_gen:counter[10], uart:inst|\tx_clk_gen:counter[11], ;
;                     ;                    ; uart:inst|\tx_clk_gen:counter[12]                                     ;
+---------------------+--------------------+-----------------------------------------------------------------------+


+------------------------------------------------------+
; General Register Statistics                          ;
+----------------------------------------------+-------+
; Statistic                                    ; Value ;
+----------------------------------------------+-------+
; Total registers                              ; 84    ;
; Number of registers using Synchronous Clear  ; 14    ;
; Number of registers using Synchronous Load   ; 0     ;
; Number of registers using Asynchronous Clear ; 0     ;
; Number of registers using Asynchronous Load  ; 0     ;
; Number of registers using Clock Enable       ; 58    ;
; Number of registers using Preset             ; 0     ;
+----------------------------------------------+-------+


+--------------------------------------------------+
; Inverted Register Statistics                     ;
+----------------------------------------+---------+
; Inverted Register                      ; Fan out ;
+----------------------------------------+---------+
; Interface_Control:inst1|counter[0]     ; 5       ;
; Total number of inverted registers = 1 ;         ;
+----------------------------------------+---------+


+--------------------------------------------------------------------------------------------------------------------------------------------------------+
; Multiplexer Restructuring Statistics (Restructuring Performed)                                                                                         ;
+--------------------+-----------+---------------+----------------------+------------------------+------------+------------------------------------------+
; Multiplexer Inputs ; Bus Width ; Baseline Area ; Area if Restructured ; Saving if Restructured ; Registered ; Example Multiplexer Output               ;
+--------------------+-----------+---------------+----------------------+------------------------+------------+------------------------------------------+
; 3:1                ; 3 bits    ; 6 LEs         ; 3 LEs                ; 3 LEs                  ; Yes        ; |hu3|uart:inst|tx_data_cnt[2]            ;
; 4:1                ; 24 bits   ; 48 LEs        ; 24 LEs               ; 24 LEs                 ; Yes        ; |hu3|Interface_Control:inst1|rx_dataA[0] ;
; 7:1                ; 5 bits    ; 20 LEs        ; 10 LEs               ; 10 LEs                 ; No         ; |hu3|uart:inst|rx_fsm~19                 ;
; 6:1                ; 8 bits    ; 32 LEs        ; 32 LEs               ; 0 LEs                  ; No         ; |hu3|ula_k:inst4|Selector4               ;
+--------------------+-----------+---------------+----------------------+------------------------+------------+------------------------------------------+


+--------------------------------------------------------+
; Parameter Settings for User Entity Instance: uart:inst ;
+----------------+-------+-------------------------------+
; Parameter Name ; Value ; Type                          ;
+----------------+-------+-------------------------------+
; clk_freq       ; 50    ; Signed Integer                ;
; ser_freq       ; 9600  ; Signed Integer                ;
+----------------+-------+-------------------------------+
Note: In order to hide this table in the UI and the text report file, please set the "Show Parameter Settings Tables in Synthesis Report" option in "Analysis and Synthesis Settings -> More Settings" to "Off".


+------------------------------------------------------------------------------------+
; Parameter Settings for Inferred Entity Instance: ula_k:inst4|lpm_mult:Mult0        ;
+------------------------------------------------+-------------+---------------------+
; Parameter Name                                 ; Value       ; Type                ;
+------------------------------------------------+-------------+---------------------+
; AUTO_CARRY_CHAINS                              ; ON          ; AUTO_CARRY          ;
; IGNORE_CARRY_BUFFERS                           ; OFF         ; IGNORE_CARRY        ;
; AUTO_CASCADE_CHAINS                            ; ON          ; AUTO_CASCADE        ;
; IGNORE_CASCADE_BUFFERS                         ; OFF         ; IGNORE_CASCADE      ;
; LPM_WIDTHA                                     ; 8           ; Untyped             ;
; LPM_WIDTHB                                     ; 8           ; Untyped             ;
; LPM_WIDTHP                                     ; 16          ; Untyped             ;
; LPM_WIDTHR                                     ; 16          ; Untyped             ;
; LPM_WIDTHS                                     ; 1           ; Untyped             ;
; LPM_REPRESENTATION                             ; UNSIGNED    ; Untyped             ;
; LPM_PIPELINE                                   ; 0           ; Untyped             ;
; LATENCY                                        ; 0           ; Untyped             ;
; INPUT_A_IS_CONSTANT                            ; NO          ; Untyped             ;
; INPUT_B_IS_CONSTANT                            ; NO          ; Untyped             ;
; USE_EAB                                        ; OFF         ; Untyped             ;
; MAXIMIZE_SPEED                                 ; 5           ; Untyped             ;
; DEVICE_FAMILY                                  ; Cyclone III ; Untyped             ;
; CARRY_CHAIN                                    ; MANUAL      ; Untyped             ;
; APEX20K_TECHNOLOGY_MAPPER                      ; LUT         ; TECH_MAPPER_APEX20K ;
; DEDICATED_MULTIPLIER_CIRCUITRY                 ; AUTO        ; Untyped             ;
; DEDICATED_MULTIPLIER_MIN_INPUT_WIDTH_FOR_AUTO  ; 0           ; Untyped             ;
; DEDICATED_MULTIPLIER_MIN_OUTPUT_WIDTH_FOR_AUTO ; 0           ; Untyped             ;
; CBXI_PARAMETER                                 ; mult_lv01   ; Untyped             ;
; INPUT_A_FIXED_VALUE                            ; Bx          ; Untyped             ;
; INPUT_B_FIXED_VALUE                            ; Bx          ; Untyped             ;
; USE_AHDL_IMPLEMENTATION                        ; OFF         ; Untyped             ;
+------------------------------------------------+-------------+---------------------+
Note: In order to hide this table in the UI and the text report file, please set the "Show Parameter Settings Tables in Synthesis Report" option in "Analysis and Synthesis Settings -> More Settings" to "Off".


+------------------------------------------------------------------------------+
; Parameter Settings for Inferred Entity Instance: ula_k:inst4|lpm_divide:Div0 ;
+------------------------+----------------+------------------------------------+
; Parameter Name         ; Value          ; Type                               ;
+------------------------+----------------+------------------------------------+
; LPM_WIDTHN             ; 8              ; Untyped                            ;
; LPM_WIDTHD             ; 8              ; Untyped                            ;
; LPM_NREPRESENTATION    ; UNSIGNED       ; Untyped                            ;
; LPM_DREPRESENTATION    ; UNSIGNED       ; Untyped                            ;
; LPM_PIPELINE           ; 0              ; Untyped                            ;
; LPM_REMAINDERPOSITIVE  ; TRUE           ; Untyped                            ;
; MAXIMIZE_SPEED         ; 5              ; Untyped                            ;
; CBXI_PARAMETER         ; lpm_divide_egm ; Untyped                            ;
; CARRY_CHAIN            ; MANUAL         ; Untyped                            ;
; OPTIMIZE_FOR_SPEED     ; 5              ; Untyped                            ;
; AUTO_CARRY_CHAINS      ; ON             ; AUTO_CARRY                         ;
; IGNORE_CARRY_BUFFERS   ; OFF            ; IGNORE_CARRY                       ;
; AUTO_CASCADE_CHAINS    ; ON             ; AUTO_CASCADE                       ;
; IGNORE_CASCADE_BUFFERS ; OFF            ; IGNORE_CASCADE                     ;
+------------------------+----------------+------------------------------------+
Note: In order to hide this table in the UI and the text report file, please set the "Show Parameter Settings Tables in Synthesis Report" option in "Analysis and Synthesis Settings -> More Settings" to "Off".


+--------------------------------------------------------------------+
; lpm_mult Parameter Settings by Entity Instance                     ;
+---------------------------------------+----------------------------+
; Name                                  ; Value                      ;
+---------------------------------------+----------------------------+
; Number of entity instances            ; 1                          ;
; Entity Instance                       ; ula_k:inst4|lpm_mult:Mult0 ;
;     -- LPM_WIDTHA                     ; 8                          ;
;     -- LPM_WIDTHB                     ; 8                          ;
;     -- LPM_WIDTHP                     ; 16                         ;
;     -- LPM_REPRESENTATION             ; UNSIGNED                   ;
;     -- INPUT_A_IS_CONSTANT            ; NO                         ;
;     -- INPUT_B_IS_CONSTANT            ; NO                         ;
;     -- USE_EAB                        ; OFF                        ;
;     -- DEDICATED_MULTIPLIER_CIRCUITRY ; AUTO                       ;
;     -- INPUT_A_FIXED_VALUE            ; Bx                         ;
;     -- INPUT_B_FIXED_VALUE            ; Bx                         ;
+---------------------------------------+----------------------------+


+-------------------------------+
; Analysis & Synthesis Messages ;
+-------------------------------+
Info: *******************************************************************
Info: Running Quartus II Analysis & Synthesis
    Info: Version 9.0 Build 132 02/25/2009 SJ Web Edition
    Info: Processing started: Wed Oct 01 18:38:36 2014
Info: Command: quartus_map --read_settings_files=on --write_settings_files=off warmup -c warmup
Info: Found 1 design units, including 1 entities, in source file ula_k.v
    Info: Found entity 1: ula_k
Info: Found 2 design units, including 1 entities, in source file uart.vhd
    Info: Found design unit 1: uart-Behavioral
    Info: Found entity 1: uart
Info: Found 2 design units, including 1 entities, in source file uart_tb.vhd
    Info: Found design unit 1: uart_tb-Behavioral
    Info: Found entity 1: uart_tb
Info: Found 1 design units, including 1 entities, in source file warmup.v
    Info: Found entity 1: warmup
Info: Found 1 design units, including 1 entities, in source file rs232_test.v
    Info: Found entity 1: rs232_test
Info: Found 1 design units, including 1 entities, in source file ula_tb.v
    Info: Found entity 1: ula_tb
Info: Found 1 design units, including 1 entities, in source file Main.bdf
    Info: Found entity 1: Main
Info: Found 1 design units, including 1 entities, in source file hu3.bdf
    Info: Found entity 1: hu3
Warning: Can't analyze file -- file C:/Documents and Settings/Aluno/Desktop/t02-warmup-master/rtl/warmup.bdf is missing
Info: Found 1 design units, including 1 entities, in source file Teste.bdf
    Info: Found entity 1: Teste
Info: Elaborating entity "hu3" for the top level hierarchy
Info: Elaborating entity "ula_k" for hierarchy "ula_k:inst4"
Warning (10235): Verilog HDL Always Construct warning at ula_k.v(14): variable "operation_alu" is read inside the Always Construct but isn't in the Always Construct's Event Control
Warning (10270): Verilog HDL Case Statement warning at ula_k.v(14): incomplete case statement has no default case item
Warning (10235): Verilog HDL Always Construct warning at ula_k.v(26): variable "operation_alu" is read inside the Always Construct but isn't in the Always Construct's Event Control
Warning (10235): Verilog HDL Always Construct warning at ula_k.v(28): variable "operation_alu" is read inside the Always Construct but isn't in the Always Construct's Event Control
Warning (10235): Verilog HDL Always Construct warning at ula_k.v(30): variable "operation_alu" is read inside the Always Construct but isn't in the Always Construct's Event Control
Warning (10235): Verilog HDL Always Construct warning at ula_k.v(32): variable "operation_alu" is read inside the Always Construct but isn't in the Always Construct's Event Control
Warning (10240): Verilog HDL Always Construct warning at ula_k.v(10): inferring latch(es) for variable "result_alu", which holds its previous value in one or more paths through the always construct
Info (10041): Inferred latch for "result_alu[0]" at ula_k.v(10)
Info (10041): Inferred latch for "result_alu[1]" at ula_k.v(10)
Info (10041): Inferred latch for "result_alu[2]" at ula_k.v(10)
Info (10041): Inferred latch for "result_alu[3]" at ula_k.v(10)
Info (10041): Inferred latch for "result_alu[4]" at ula_k.v(10)
Info (10041): Inferred latch for "result_alu[5]" at ula_k.v(10)
Info (10041): Inferred latch for "result_alu[6]" at ula_k.v(10)
Info (10041): Inferred latch for "result_alu[7]" at ula_k.v(10)
Warning: Using design file Interface_Control.v, which is not specified as a design file for the current project, but contains definitions for 1 design units and 1 entities in project
    Info: Found entity 1: Interface_Control
Info: Elaborating entity "Interface_Control" for hierarchy "Interface_Control:inst1"
Warning (10230): Verilog HDL assignment warning at Interface_Control.v(23): truncated value with size 32 to match size of target (2)
Info: Elaborating entity "uart" for hierarchy "uart:inst"
Info: Inferred 2 megafunctions from design logic
    Info: Inferred multiplier megafunction ("lpm_mult") from the following logic: "ula_k:inst4|Mult0"
    Info: Inferred divider/modulo megafunction ("lpm_divide") from the following logic: "ula_k:inst4|Div0"
Info: Elaborated megafunction instantiation "ula_k:inst4|lpm_mult:Mult0"
Info: Instantiated megafunction "ula_k:inst4|lpm_mult:Mult0" with the following parameter:
    Info: Parameter "LPM_WIDTHA" = "8"
    Info: Parameter "LPM_WIDTHB" = "8"
    Info: Parameter "LPM_WIDTHP" = "16"
    Info: Parameter "LPM_WIDTHR" = "16"
    Info: Parameter "LPM_WIDTHS" = "1"
    Info: Parameter "LPM_REPRESENTATION" = "UNSIGNED"
    Info: Parameter "INPUT_A_IS_CONSTANT" = "NO"
    Info: Parameter "INPUT_B_IS_CONSTANT" = "NO"
    Info: Parameter "MAXIMIZE_SPEED" = "5"
    Info: Parameter "DEDICATED_MULTIPLIER_CIRCUITRY" = "AUTO"
Info: Found 1 design units, including 1 entities, in source file db/mult_lv01.tdf
    Info: Found entity 1: mult_lv01
Info: Elaborated megafunction instantiation "ula_k:inst4|lpm_divide:Div0"
Info: Instantiated megafunction "ula_k:inst4|lpm_divide:Div0" with the following parameter:
    Info: Parameter "LPM_WIDTHN" = "8"
    Info: Parameter "LPM_WIDTHD" = "8"
    Info: Parameter "LPM_NREPRESENTATION" = "UNSIGNED"
    Info: Parameter "LPM_DREPRESENTATION" = "UNSIGNED"
Info: Found 1 design units, including 1 entities, in source file db/lpm_divide_egm.tdf
    Info: Found entity 1: lpm_divide_egm
Info: Found 1 design units, including 1 entities, in source file db/sign_div_unsign_fkh.tdf
    Info: Found entity 1: sign_div_unsign_fkh
Info: Found 1 design units, including 1 entities, in source file db/alt_u_div_93f.tdf
    Info: Found entity 1: alt_u_div_93f
Info: Found 1 design units, including 1 entities, in source file db/add_sub_unc.tdf
    Info: Found entity 1: add_sub_unc
Info: Found 1 design units, including 1 entities, in source file db/add_sub_vnc.tdf
    Info: Found entity 1: add_sub_vnc
Warning: Latch ula_k:inst4|result_alu[7] has unsafe behavior
    Warning: Ports D and ENA on the latch are fed by the same signal Interface_Control:inst1|rx_dataOperation[2]
Warning: Latch ula_k:inst4|result_alu[6] has unsafe behavior
    Warning: Ports D and ENA on the latch are fed by the same signal Interface_Control:inst1|rx_dataOperation[2]
Warning: Latch ula_k:inst4|result_alu[5] has unsafe behavior
    Warning: Ports D and ENA on the latch are fed by the same signal Interface_Control:inst1|rx_dataOperation[2]
Warning: Latch ula_k:inst4|result_alu[4] has unsafe behavior
    Warning: Ports D and ENA on the latch are fed by the same signal Interface_Control:inst1|rx_dataOperation[2]
Warning: Latch ula_k:inst4|result_alu[3] has unsafe behavior
    Warning: Ports D and ENA on the latch are fed by the same signal Interface_Control:inst1|rx_dataOperation[2]
Warning: Latch ula_k:inst4|result_alu[2] has unsafe behavior
    Warning: Ports D and ENA on the latch are fed by the same signal Interface_Control:inst1|rx_dataOperation[2]
Warning: Latch ula_k:inst4|result_alu[1] has unsafe behavior
    Warning: Ports D and ENA on the latch are fed by the same signal Interface_Control:inst1|rx_dataOperation[2]
Warning: Latch ula_k:inst4|result_alu[0] has unsafe behavior
    Warning: Ports D and ENA on the latch are fed by the same signal Interface_Control:inst1|rx_dataOperation[2]
Info: 22 registers lost all their fanouts during netlist optimizations. The first 22 are displayed below.
    Info: Register "uart:inst|tx_clk_en" lost all its fanouts during netlist optimizations.
    Info: Register "uart:inst|tx_data_cnt[0]" lost all its fanouts during netlist optimizations.
    Info: Register "uart:inst|tx_data_cnt[1]" lost all its fanouts during netlist optimizations.
    Info: Register "uart:inst|tx_data_cnt[2]" lost all its fanouts during netlist optimizations.
    Info: Register "uart:inst|\tx_clk_gen:counter[0]" lost all its fanouts during netlist optimizations.
    Info: Register "uart:inst|\tx_clk_gen:counter[1]" lost all its fanouts during netlist optimizations.
    Info: Register "uart:inst|\tx_clk_gen:counter[2]" lost all its fanouts during netlist optimizations.
    Info: Register "uart:inst|\tx_clk_gen:counter[3]" lost all its fanouts during netlist optimizations.
    Info: Register "uart:inst|\tx_clk_gen:counter[4]" lost all its fanouts during netlist optimizations.
    Info: Register "uart:inst|\tx_clk_gen:counter[5]" lost all its fanouts during netlist optimizations.
    Info: Register "uart:inst|\tx_clk_gen:counter[6]" lost all its fanouts during netlist optimizations.
    Info: Register "uart:inst|\tx_clk_gen:counter[7]" lost all its fanouts during netlist optimizations.
    Info: Register "uart:inst|\tx_clk_gen:counter[8]" lost all its fanouts during netlist optimizations.
    Info: Register "uart:inst|\tx_clk_gen:counter[9]" lost all its fanouts during netlist optimizations.
    Info: Register "uart:inst|\tx_clk_gen:counter[10]" lost all its fanouts during netlist optimizations.
    Info: Register "uart:inst|\tx_clk_gen:counter[11]" lost all its fanouts during netlist optimizations.
    Info: Register "uart:inst|\tx_clk_gen:counter[12]" lost all its fanouts during netlist optimizations.
    Info: Register "uart:inst|tx_fsm.idle" lost all its fanouts during netlist optimizations.
    Info: Register "uart:inst|tx_fsm.data" lost all its fanouts during netlist optimizations.
    Info: Register "uart:inst|tx_fsm.parity" lost all its fanouts during netlist optimizations.
    Info: Register "uart:inst|tx_fsm.stop1" lost all its fanouts during netlist optimizations.
    Info: Register "uart:inst|tx_fsm.stop2" lost all its fanouts during netlist optimizations.
Info: Implemented 260 device resources after synthesis - the final resource count might be different
    Info: Implemented 3 input pins
    Info: Implemented 9 output pins
    Info: Implemented 247 logic cells
    Info: Implemented 1 DSP elements
Info: Quartus II Analysis & Synthesis was successful. 0 errors, 26 warnings
    Info: Peak virtual memory: 190 megabytes
    Info: Processing ended: Wed Oct 01 18:38:42 2014
    Info: Elapsed time: 00:00:06
    Info: Total CPU time (on all processors): 00:00:06


